<?xml version="1.0" encoding="UTF-8"?>
<testng-results ignored="0" total="2" passed="2" failed="0" skipped="0">
  <reporter-output>
  </reporter-output>
  <suite started-at="2025-12-13T00:08:29 IST" name="Suite" finished-at="2025-12-13T00:08:29 IST" duration-ms="76">
    <groups>
    </groups>
    <test started-at="2025-12-13T00:08:29 IST" name="Test" finished-at="2025-12-13T00:08:29 IST" duration-ms="76">
      <class name="Jenkin.Demo2">
        <test-method signature="m2()[pri:0, instance:Jenkin.Demo2@156b88f5]" started-at="2025-12-13T00:08:29 IST" name="m2" finished-at="2025-12-13T00:08:29 IST" duration-ms="5" status="PASS">
          <reporter-output>
          </reporter-output>
        </test-method> <!-- m2 -->
      </class> <!-- Jenkin.Demo2 -->
      <class name="Jenkin.Demo1">
        <test-method signature="m1()[pri:0, instance:Jenkin.Demo1@25084a1e]" started-at="2025-12-13T00:08:29 IST" name="m1" finished-at="2025-12-13T00:08:29 IST" duration-ms="13" status="PASS">
          <reporter-output>
          </reporter-output>
        </test-method> <!-- m1 -->
      </class> <!-- Jenkin.Demo1 -->
    </test> <!-- Test -->
  </suite> <!-- Suite -->
</testng-results>
